android/app/build/intermediates/manifest_merge_blame_file/release/manifest-merger-blame-release-report.txt
1<?xml version="1.0" encoding="utf-8"?>
2<manifest xmlns:android="http://schemas.android.com/apk/res/android"
3    package="com.qapp"
4    android:versionCode="1"
5    android:versionName="1.0" >
6
7    <uses-sdk
7-->src/main/AndroidManifest.xml:7:5-47
8        android:minSdkVersion="16"
8-->src/main/AndroidManifest.xml:7:5-47
9        android:targetSdkVersion="28" />
9-->src/main/AndroidManifest.xml:7:15-44
10
11    <uses-permission android:name="android.permission.INTERNET" />
11-->src/main/AndroidManifest.xml:4:5-67
11-->src/main/AndroidManifest.xml:4:22-64
12    <uses-permission android:name="android.permission.WRITE_EXTERNAL_STORAGE" />
12-->src/main/AndroidManifest.xml:5:5-81
12-->src/main/AndroidManifest.xml:5:22-78
13    <uses-permission android:name="android.permission.ACCESS_FINE_LOCATION" />
13-->src/main/AndroidManifest.xml:6:5-79
13-->src/main/AndroidManifest.xml:6:22-76
14
15    <!-- Required to access Google Play Licensing -->
16    <uses-permission android:name="com.android.vending.CHECK_LICENSE" />
16-->[:rn-fetch-blob] AndroidManifest.xml:12:5-73
16-->[:rn-fetch-blob] AndroidManifest.xml:12:22-70
17    <!--
18         Required to keep CPU alive while downloading files
19        (NOT to keep screen awake)
20    -->
21    <uses-permission android:name="android.permission.WAKE_LOCK" />
21-->[:rn-fetch-blob] AndroidManifest.xml:21:5-68
21-->[:rn-fetch-blob] AndroidManifest.xml:21:22-65
22    <!--
23         Required to poll the state of the network connection
24        and respond to changes
25    -->
26    <uses-permission android:name="android.permission.ACCESS_NETWORK_STATE" /> <!-- Required to check whether Wi-Fi is enabled -->
26-->[:rn-fetch-blob] AndroidManifest.xml:27:5-79
26-->[:rn-fetch-blob] AndroidManifest.xml:27:22-76
27    <uses-permission android:name="android.permission.ACCESS_WIFI_STATE" />
27-->[:rn-fetch-blob] AndroidManifest.xml:30:5-76
27-->[:rn-fetch-blob] AndroidManifest.xml:30:22-73
28
29    <application
29-->src/main/AndroidManifest.xml:8:5-27:19
30        android:name="com.qapp.MainApplication"
30-->src/main/AndroidManifest.xml:9:7-38
31        android:allowBackup="false"
31-->src/main/AndroidManifest.xml:13:7-34
32        android:appComponentFactory="androidx.core.app.CoreComponentFactory"
32-->[androidx.core:core:1.1.0] AndroidManifest.xml:24:18-86
33        android:icon="@mipmap/ic_launcher"
33-->src/main/AndroidManifest.xml:11:7-41
34        android:label="@string/app_name"
34-->src/main/AndroidManifest.xml:10:7-39
35        android:roundIcon="@mipmap/ic_launcher_round"
35-->src/main/AndroidManifest.xml:12:7-52
36        android:theme="@style/AppTheme" >
36-->src/main/AndroidManifest.xml:14:7-38
37        <activity
37-->src/main/AndroidManifest.xml:15:7-25:18
38            android:name="com.qapp.MainActivity"
38-->src/main/AndroidManifest.xml:16:9-37
39            android:configChanges="keyboard|keyboardHidden|orientation|screenSize|uiMode"
39-->src/main/AndroidManifest.xml:18:9-86
40            android:label="@string/app_name"
40-->src/main/AndroidManifest.xml:17:9-41
41            android:launchMode="singleTask"
41-->src/main/AndroidManifest.xml:19:9-40
42            android:windowSoftInputMode="adjustResize" >
42-->src/main/AndroidManifest.xml:20:9-51
43            <intent-filter>
43-->src/main/AndroidManifest.xml:21:9-24:25
44                <action android:name="android.intent.action.MAIN" />
44-->src/main/AndroidManifest.xml:22:13-65
44-->src/main/AndroidManifest.xml:22:21-62
45
46                <category android:name="android.intent.category.LAUNCHER" />
46-->src/main/AndroidManifest.xml:23:13-73
46-->src/main/AndroidManifest.xml:23:23-70
47            </intent-filter>
48        </activity>
49        <activity android:name="com.facebook.react.devsupport.DevSettingsActivity" />
49-->src/main/AndroidManifest.xml:26:7-84
49-->src/main/AndroidManifest.xml:26:17-81
50
51        <provider
51-->[:react-native-image-picker] AndroidManifest.xml:10:9-18:20
52            android:name="com.imagepicker.FileProvider"
52-->[:react-native-image-picker] AndroidManifest.xml:11:13-56
53            android:authorities="com.qapp.provider"
53-->[:react-native-image-picker] AndroidManifest.xml:12:13-60
54            android:exported="false"
54-->[:react-native-image-picker] AndroidManifest.xml:13:13-37
55            android:grantUriPermissions="true" >
55-->[:react-native-image-picker] AndroidManifest.xml:14:13-47
56            <meta-data
56-->[:react-native-image-picker] AndroidManifest.xml:15:13-17:58
57                android:name="android.support.FILE_PROVIDER_PATHS"
57-->[:react-native-image-picker] AndroidManifest.xml:16:17-67
58                android:resource="@xml/provider_paths" />
58-->[:react-native-image-picker] AndroidManifest.xml:17:17-55
59        </provider>
60        <provider
60-->[:react-native-share] AndroidManifest.xml:12:9-20:20
61            android:name="cl.json.RNShareFileProvider"
61-->[:react-native-share] AndroidManifest.xml:13:13-55
62            android:authorities="com.qapp.rnshare.fileprovider"
62-->[:react-native-share] AndroidManifest.xml:14:13-72
63            android:exported="false"
63-->[:react-native-share] AndroidManifest.xml:15:13-37
64            android:grantUriPermissions="true" >
64-->[:react-native-share] AndroidManifest.xml:16:13-47
65            <meta-data
65-->[:react-native-image-picker] AndroidManifest.xml:15:13-17:58
66                android:name="android.support.FILE_PROVIDER_PATHS"
66-->[:react-native-image-picker] AndroidManifest.xml:16:17-67
67                android:resource="@xml/share_download_paths" />
67-->[:react-native-image-picker] AndroidManifest.xml:17:17-55
68        </provider>
69        <provider
69-->[:rn-fetch-blob] AndroidManifest.xml:36:9-44:20
70            android:name="com.RNFetchBlob.Utils.FileProvider"
70-->[:rn-fetch-blob] AndroidManifest.xml:37:13-62
71            android:authorities="com.qapp.provider"
71-->[:rn-fetch-blob] AndroidManifest.xml:38:13-60
72            android:exported="false"
72-->[:rn-fetch-blob] AndroidManifest.xml:39:13-37
73            android:grantUriPermissions="true" >
73-->[:rn-fetch-blob] AndroidManifest.xml:40:13-47
74            <meta-data
74-->[:react-native-image-picker] AndroidManifest.xml:15:13-17:58
75                android:name="android.support.FILE_PROVIDER_PATHS"
75-->[:react-native-image-picker] AndroidManifest.xml:16:17-67
76                android:resource="@xml/provider_paths" />
76-->[:react-native-image-picker] AndroidManifest.xml:17:17-55
77        </provider>
78    </application>
79
80</manifest>